<?xml version="1.0" encoding="UTF-8"?>
<!-- Generated by org.testng.reporters.JUnitReportReporter -->
<testsuite hostname="IMRAN" failures="0" tests="2" name="testNG.WildAnimals1" time="0.004" errors="0" timestamp="2022-11-05T07:45:03 IST" skipped="0">
  <testcase classname="testNG.WildAnimals1" name="tiger" time="0.002"/>
  <system-out/>
  <testcase classname="testNG.WildAnimals1" name="lion" time="0.002"/>
  <system-out/>
</testsuite> <!-- testNG.WildAnimals1 -->
