<?xml version="1.0" encoding="UTF-8"?>
<!-- Generated by org.testng.reporters.JUnitReportReporter -->
<testsuite hostname="IMRAN" failures="0" tests="2" name="testNG.DomesticAnimals2" time="0.014" errors="0" timestamp="2022-11-05T07:45:03 IST" skipped="0">
  <testcase classname="testNG.DomesticAnimals2" name="cat" time="0.002"/>
  <system-out/>
  <testcase classname="testNG.DomesticAnimals2" name="hen" time="0.012"/>
  <system-out/>
</testsuite> <!-- testNG.DomesticAnimals2 -->
