<?xml version="1.0" encoding="UTF-8"?>
<!-- Generated by org.testng.reporters.JUnitReportReporter -->
<testsuite hostname="IMRAN" failures="0" tests="2" name="testNG.WildAnimals2" time="0.023" errors="0" timestamp="2022-11-05T07:45:03 IST" skipped="0">
  <testcase classname="testNG.WildAnimals2" name="deer" time="0.012"/>
  <system-out/>
  <testcase classname="testNG.WildAnimals2" name="dinasour" time="0.011"/>
  <system-out/>
</testsuite> <!-- testNG.WildAnimals2 -->
