<?xml version="1.0" encoding="UTF-8"?>
<!-- Generated by org.testng.reporters.JUnitReportReporter -->
<testsuite hostname="IMRAN" failures="0" tests="2" name="testNG.DomesticAnimal2" time="0.017" errors="0" timestamp="2022-10-25T10:45:52 IST" skipped="0">
  <testcase classname="testNG.DomesticAnimal2" name="hen" time="0.002"/>
  <system-out/>
  <testcase classname="testNG.DomesticAnimal2" name="cat" time="0.015"/>
  <system-out/>
</testsuite> <!-- testNG.DomesticAnimal2 -->
